#
# A fatal error has been detected by the Java Runtime Environment:
#
#  SIGBUS (0x7) at pc=0x00007fa40b5ad982, pid=9182, tid=140342362965760
#
# JRE version: Java(TM) SE Runtime Environment (7.0_51-b13) (build 1.7.0_51-b13)
# Java VM: Java HotSpot(TM) 64-Bit Server VM (24.51-b03 mixed mode linux-amd64 compressed oops)
# Problematic frame:
# C  [libzip.so+0x4982]  newEntry+0x62
#
# Failed to write core dump. Core dumps have been disabled. To enable core dumping, try "ulimit -c unlimited" before starting Java again
#
# If you would like to submit a bug report, please visit:
#   http://bugreport.sun.com/bugreport/crash.jsp
# The crash happened outside the Java Virtual Machine in native code.
# See problematic frame for where to report the bug.
#

---------------  T H R E A D  ---------------

Current thread (0x00007fa40ce4d800):  JavaThread "Timer-2" daemon [_thread_in_native, id=9204, stack(0x00007fa400a10000,0x00007fa400b11000)]

siginfo:si_signo=SIGBUS: si_errno=0, si_code=2 (BUS_ADRERR), si_addr=0x00007fa400412add

Registers:
RAX=0x00007fa3c42458a0, RBX=0x00007fa40c67d140, RCX=0x00007fa3c4000020, RDX=0x00007fa3c42458a0
RSP=0x00007fa400b0bc80, RBP=0x00007fa400b0bcd0, RSI=0x0000000000000104, RDI=0x0000000000000000
R8 =0x0000000000000003, R9 =0x00007fa3c4000078, R10=0x00007fa40868d038, R11=0x00007fa411d0aa00
R12=0x00007fa400412ac0, R13=0x00007fa3c42458a0, R14=0x000000005cea315f, R15=0x00007fa40c6778f0
RIP=0x00007fa40b5ad982, EFLAGS=0x0000000000010206, CSGSFS=0x0000000000000033, ERR=0x0000000000000004
  TRAPNO=0x000000000000000e

Top of Stack: (sp=0x00007fa400b0bc80)
0x00007fa400b0bc80:   000000077f600c70 00007fa400000000
0x00007fa400b0bc90:   00007fa400b0bd10 00007fa4114f352c
0x00007fa400b0bca0:   00007fa3c42458a0 00007fa40c67d140
0x00007fa400b0bcb0:   00007fa40c6778f0 00007fa3c41abcf0
0x00007fa400b0bcc0:   000000005cea315f 00007fa400b0bd30
0x00007fa400b0bcd0:   00007fa400b0bd10 00007fa40b5ae0b0
0x00007fa400b0bce0:   0000002e00b0bd10 00007fa400b0bd30
0x00007fa400b0bcf0:   000000000000002e 00007fa40ce4d9e8
0x00007fa400b0bd00:   00007fa400b0bd30 00007fa400b0c188
0x00007fa400b0bd10:   00007fa400b0c170 00007fa40b5aceed
0x00007fa400b0bd20:   0100000000000002 00007fa40c6778f0
0x00007fa400b0bd30:   6d6972702f67726f 652f736563616665
0x00007fa400b0bd40:   7461442f746e6576 6168437765695665
0x00007fa400b0bd50:   746e65764565676e 00007373616c632e
0x00007fa400b0bd60:   0000000000000010 00007fa400b0c450
0x00007fa400b0bd70:   0000000000000000 00007fa40ccecd40
0x00007fa400b0bd80:   00007fa3e035f780 00007fa410025201
0x00007fa400b0bd90:   00007fa400000000 0000000000000000
0x00007fa400b0bda0:   00007fa40ce4d800 00007fa40c08bcd0
0x00007fa400b0bdb0:   00007fa3c4001568 00007fa40ce4d800
0x00007fa400b0bdc0:   00007fa400b0bf70 00007fa41135ef6b
0x00007fa400b0bdd0:   00007fa40ce4d800 00007fa400000025
0x00007fa400b0bde0:   00007fa400b0c5dd 00007fa3c4001560
0x00007fa400b0bdf0:   00007fa411b043d0 00007fa410025200
0x00007fa400b0be00:   0000000000000002 000000000000000d
0x00007fa400b0be10:   00007fa400b0bcd0 0000003000000020
0x00007fa400b0be20:   00007fa400b0bf80 00007fa400b0be90
0x00007fa400b0be30:   00007fa40ce4d800 0000000000000000
0x00007fa400b0be40:   0000000000000001 000000077f886380
0x00007fa400b0be50:   0000003000000018 00007fa400b0bf80
0x00007fa400b0be60:   00007fa400b0be90 00007fa400b0c520
0x00007fa400b0be70:   00007fa40000000d 000000000000008a 

Instructions: (pc=0x00007fa40b5ad982)
0x00007fa40b5ad962:   00 48 c7 40 28 00 00 00 00 41 80 7f 30 00 0f 84
0x00007fa40b5ad972:   8a 02 00 00 4c 8b 63 08 4d 2b 67 28 4d 03 67 18
0x00007fa40b5ad982:   41 0f b6 5c 24 1d 41 0f b6 44 24 1c c1 e3 08 09
0x00007fa40b5ad992:   c3 41 0f b6 44 24 1e 88 45 bd 41 0f b6 54 24 20 

Register to memory mapping:

RAX=0x00007fa3c42458a0 is an unknown value
RBX=0x00007fa40c67d140 is an unknown value
RCX=0x00007fa3c4000020 is an unknown value
RDX=0x00007fa3c42458a0 is an unknown value
RSP=0x00007fa400b0bc80 is pointing into the stack for thread: 0x00007fa40ce4d800
RBP=0x00007fa400b0bcd0 is pointing into the stack for thread: 0x00007fa40ce4d800
RSI=0x0000000000000104 is an unknown value
RDI=0x0000000000000000 is an unknown value
R8 =0x0000000000000003 is an unknown value
R9 =0x00007fa3c4000078 is an unknown value
R10=0x00007fa40868d038 is at entry_point+88 in (nmethod*)0x00007fa40868ce50
R11=0x00007fa411d0aa00: <offset 0x187a00> in /lib/x86_64-linux-gnu/libc.so.6 at 0x00007fa411b83000
R12=0x00007fa400412ac0 is an unknown value
R13=0x00007fa3c42458a0 is an unknown value
R14=0x000000005cea315f is an unknown value
R15=0x00007fa40c6778f0 is an unknown value


Stack: [0x00007fa400a10000,0x00007fa400b11000],  sp=0x00007fa400b0bc80,  free space=1007k
Native frames: (J=compiled Java code, j=interpreted, Vv=VM code, C=native code)
C  [libzip.so+0x4982]  newEntry+0x62
C  [libzip.so+0x50b0]  ZIP_GetEntry+0xd0
C  [libzip.so+0x3eed]  Java_java_util_zip_ZipFile_getEntry+0xad
J  java.util.zip.ZipFile.getEntry(J[BZ)J

Java frames: (J=compiled Java code, j=interpreted, Vv=VM code)
J  java.util.zip.ZipFile.getEntry(J[BZ)J
J  java.util.zip.ZipFile.getEntry(Ljava/lang/String;)Ljava/util/zip/ZipEntry;
J  sun.misc.URLClassPath.getResource(Ljava/lang/String;Z)Lsun/misc/Resource;
J  java.net.URLClassLoader$1.run()Ljava/lang/Object;
v  ~StubRoutines::call_stub
J  java.security.AccessController.doPrivileged(Ljava/security/PrivilegedExceptionAction;Ljava/security/AccessControlContext;)Ljava/lang/Object;
j  java.net.URLClassLoader.findClass(Ljava/lang/String;)Ljava/lang/Class;+13
j  java.lang.ClassLoader.loadClass(Ljava/lang/String;Z)Ljava/lang/Class;+70
j  com.google.appengine.tools.development.IsolatedAppClassLoader.loadClass(Ljava/lang/String;Z)Ljava/lang/Class;+95
j  java.lang.ClassLoader.loadClass(Ljava/lang/String;)Ljava/lang/Class;+3
v  ~StubRoutines::call_stub
J  java.lang.Class.forName0(Ljava/lang/String;ZLjava/lang/ClassLoader;)Ljava/lang/Class;
j  java.lang.Class.forName(Ljava/lang/String;ZLjava/lang/ClassLoader;)Ljava/lang/Class;+35
j  com.sun.faces.util.Util.loadClass(Ljava/lang/String;Ljava/lang/Object;)Ljava/lang/Class;+296
j  com.sun.faces.config.processor.ApplicationConfigProcessor.addSystemEventListener(Ljavax/servlet/ServletContext;Ljavax/faces/application/Application;Lorg/w3c/dom/Node;)V+220
j  com.sun.faces.config.processor.ApplicationConfigProcessor.process(Ljavax/servlet/ServletContext;[Lcom/sun/faces/config/DocumentInfo;)V+727
j  com.sun.faces.config.processor.AbstractConfigProcessor.invokeNext(Ljavax/servlet/ServletContext;[Lcom/sun/faces/config/DocumentInfo;)V+23
j  com.sun.faces.config.processor.LifecycleConfigProcessor.process(Ljavax/servlet/ServletContext;[Lcom/sun/faces/config/DocumentInfo;)V+280
j  com.sun.faces.config.processor.AbstractConfigProcessor.invokeNext(Ljavax/servlet/ServletContext;[Lcom/sun/faces/config/DocumentInfo;)V+23
j  com.sun.faces.config.processor.FactoryConfigProcessor.process(Ljavax/servlet/ServletContext;[Lcom/sun/faces/config/DocumentInfo;)V+242
j  com.sun.faces.config.ConfigManager.initialize(Ljavax/servlet/ServletContext;)V+900
j  com.sun.faces.config.ConfigureListener.contextInitialized(Ljavax/servlet/ServletContextEvent;)V+528
j  org.mortbay.jetty.handler.ContextHandler.startContext()V+62
j  org.mortbay.jetty.servlet.Context.startContext()V+1
j  org.mortbay.jetty.webapp.WebAppContext.startContext()V+126
j  org.mortbay.jetty.handler.ContextHandler.doStart()V+141
j  org.mortbay.jetty.webapp.WebAppContext.doStart()V+220
j  org.mortbay.component.AbstractLifeCycle.start()V+31
j  org.mortbay.jetty.handler.HandlerWrapper.doStart()V+11
j  org.mortbay.component.AbstractLifeCycle.start()V+31
j  com.google.appengine.tools.development.JettyContainerService.reloadWebApp()V+155
j  com.google.appengine.tools.development.JettyContainerService$2.filesChanged(Ljava/util/List;)V+12
j  org.mortbay.util.Scanner.reportBulkChanges(Ljava/util/List;)V+38
j  org.mortbay.util.Scanner.reportDifferences(Ljava/util/Map;Ljava/util/Map;)V+345
j  org.mortbay.util.Scanner.scan()V+13
j  org.mortbay.util.Scanner$1.run()V+4
j  java.util.TimerThread.mainLoop()V+221
j  java.util.TimerThread.run()V+1
v  ~StubRoutines::call_stub

---------------  P R O C E S S  ---------------

Java Threads: ( => current thread )
  0x00007fa3c4101000 JavaThread "Timer-3" daemon [_thread_blocked, id=9264, stack(0x00007fa40012b000,0x00007fa40022c000)]
  0x00007fa3bc02e800 JavaThread "803658633@qtp-1554382710-8" [_thread_blocked, id=9214, stack(0x00007fa3bb7f8000,0x00007fa3bb8f9000)]
  0x00007fa3c828c800 JavaThread "Thread-14" daemon [_thread_blocked, id=9212, stack(0x00007fa3bb9fa000,0x00007fa3bbafb000)]
  0x00007fa3c8288800 JavaThread "Thread-13" daemon [_thread_blocked, id=9211, stack(0x00007fa3bbafb000,0x00007fa3bbbfc000)]
  0x00007fa3bc02b800 JavaThread "1591568275@qtp-1554382710-6" [_thread_blocked, id=9209, stack(0x00007fa3bbbfc000,0x00007fa3bbcfd000)]
  0x00007fa3bc026000 JavaThread "777581376@qtp-1554382710-3" [_thread_blocked, id=9206, stack(0x00007fa3bbeff000,0x00007fa3bc000000)]
=>0x00007fa40ce4d800 JavaThread "Timer-2" daemon [_thread_in_native, id=9204, stack(0x00007fa400a10000,0x00007fa400b11000)]
  0x00007fa40c62f800 JavaThread "91016554@qtp-1554382710-1 - Acceptor0 SelectChannelConnector@127.0.0.1:8380" [_thread_in_native, id=9202, stack(0x00007fa40055a000,0x00007fa40065b000)]
  0x00007fa40c633000 JavaThread "618348546@qtp-1554382710-0" [_thread_blocked, id=9201, stack(0x00007fa40065b000,0x00007fa40075c000)]
  0x00007fa40c244000 JavaThread "Timer-0" daemon [_thread_blocked, id=9198, stack(0x00007fa4019ba000,0x00007fa401abb000)]
  0x00007fa40c1c4000 JavaThread "Service Thread" daemon [_thread_blocked, id=9196, stack(0x00007fa401bbc000,0x00007fa401cbd000)]
  0x00007fa40c1c1800 JavaThread "C2 CompilerThread1" daemon [_thread_blocked, id=9195, stack(0x00007fa401cbd000,0x00007fa401dbe000)]
  0x00007fa40c1bc800 JavaThread "C2 CompilerThread0" daemon [_thread_blocked, id=9194, stack(0x00007fa401dbe000,0x00007fa401ebf000)]
  0x00007fa40c14f800 JavaThread "Signal Dispatcher" daemon [_thread_blocked, id=9193, stack(0x00007fa401f5e000,0x00007fa40205f000)]
  0x00007fa40c138800 JavaThread "Finalizer" daemon [_thread_blocked, id=9192, stack(0x00007fa402328000,0x00007fa402429000)]
  0x00007fa40c134800 JavaThread "Reference Handler" daemon [_thread_blocked, id=9191, stack(0x00007fa402429000,0x00007fa40252a000)]
  0x00007fa40c00b000 JavaThread "main" [_thread_blocked, id=9183, stack(0x00007fa41267f000,0x00007fa412780000)]

Other Threads:
  0x00007fa40c132000 VMThread [stack: 0x00007fa40252a000,0x00007fa40262b000] [id=9190]
  0x00007fa40c1cf000 WatcherThread [stack: 0x00007fa401abb000,0x00007fa401bbc000] [id=9197]

VM state:not at safepoint (normal execution)

VM Mutex/Monitor currently owned by a thread: None

Heap
 PSYoungGen      total 480256K, used 153504K [0x00000007d6d00000, 0x00000007f8500000, 0x0000000800000000)
  eden space 466944K, 30% used [0x00000007d6d00000,0x00000007df5eb288,0x00000007f3500000)
  from space 13312K, 99% used [0x00000007f7800000,0x00000007f84fcfc8,0x00000007f8500000)
  to   space 37376K, 0% used [0x00000007f3c00000,0x00000007f3c00000,0x00000007f6080000)
 ParOldGen       total 83968K, used 59944K [0x0000000784800000, 0x0000000789a00000, 0x00000007d6d00000)
  object space 83968K, 71% used [0x0000000784800000,0x000000078828a1c8,0x0000000789a00000)
 PSPermGen       total 56832K, used 56572K [0x000000077f600000, 0x0000000782d80000, 0x0000000784800000)
  object space 56832K, 99% used [0x000000077f600000,0x0000000782d3f200,0x0000000782d80000)

Card table byte_map: [0x00007fa4081a3000,0x00007fa4085a9000] byte_map_base: 0x00007fa4045a8000

Polling page: 0x00007fa4127a0000

Code Cache  [0x00007fa4085a9000, 0x00007fa408999000, 0x00007fa40b5a9000)
 total_blobs=1426 nmethods=1023 adapters=354 free_code_cache=45218Kb largest_free_block=46233024

Compilation events (10 events):
Event: 304.396 Thread 0x00007fa40c1bc800 1127             org.apache.xerces.dom.ElementImpl::getDefaultAttributes (70 bytes)
Event: 304.397 Thread 0x00007fa40c1bc800 nmethod 1127 0x00007fa40896a690 code [0x00007fa40896a7e0, 0x00007fa40896a8d8]
Event: 304.397 Thread 0x00007fa40c1bc800 1128             org.apache.xerces.dom.CoreDocumentImpl::getDoctype (16 bytes)
Event: 304.398 Thread 0x00007fa40c1bc800 nmethod 1128 0x00007fa408965150 code [0x00007fa4089652a0, 0x00007fa408965338]
Event: 305.140 Thread 0x00007fa40c1c1800 1129             org.apache.xerces.dom.DeepNodeListImpl::nextMatchingElementAfter (328 bytes)
Event: 305.170 Thread 0x00007fa40c1c1800 nmethod 1129 0x00007fa408952390 code [0x00007fa4089525e0, 0x00007fa408953480]
Event: 305.629 Thread 0x00007fa40c1bc800 1130             org.apache.xerces.dom.DeepNodeListImpl::nextMatchingElementAfter (328 bytes)
Event: 305.649 Thread 0x00007fa40c1bc800 nmethod 1130 0x00007fa40896eb90 code [0x00007fa40896ede0, 0x00007fa40896fbe0]
Event: 305.799 Thread 0x00007fa40c1c1800 1131             org.apache.xerces.dom.ParentNode::hasChildNodes (24 bytes)
Event: 305.800 Thread 0x00007fa40c1c1800 nmethod 1131 0x00007fa40896a310 code [0x00007fa40896a460, 0x00007fa40896a568]

GC Heap History (10 events):
Event: 5.276 GC heap before
{Heap before GC invocations=6 (full 0):
 PSYoungGen      total 134144K, used 134126K [0x00000007d6d00000, 0x00000007e8200000, 0x0000000800000000)
  eden space 129024K, 100% used [0x00000007d6d00000,0x00000007deb00000,0x00000007deb00000)
  from space 5120K, 99% used [0x00000007deb00000,0x00000007deffbb88,0x00000007df000000)
  to   space 12800K, 0% used [0x00000007e7580000,0x00000007e7580000,0x00000007e8200000)
 ParOldGen       total 83968K, used 12749K [0x0000000784800000, 0x0000000789a00000, 0x00000007d6d00000)
  object space 83968K, 15% used [0x0000000784800000,0x00000007854736a8,0x0000000789a00000)
 PSPermGen       total 23552K, used 23174K [0x000000077f600000, 0x0000000780d00000, 0x0000000784800000)
  object space 23552K, 98% used [0x000000077f600000,0x0000000780ca19b0,0x0000000780d00000)
Event: 5.288 GC heap after
Heap after GC invocations=6 (full 0):
 PSYoungGen      total 270336K, used 9575K [0x00000007d6d00000, 0x00000007e8300000, 0x0000000800000000)
  eden space 257536K, 0% used [0x00000007d6d00000,0x00000007d6d00000,0x00000007e6880000)
  from space 12800K, 74% used [0x00000007e7580000,0x00000007e7ed9f58,0x00000007e8200000)
  to   space 13312K, 0% used [0x00000007e6880000,0x00000007e6880000,0x00000007e7580000)
 ParOldGen       total 83968K, used 12757K [0x0000000784800000, 0x0000000789a00000, 0x00000007d6d00000)
  object space 83968K, 15% used [0x0000000784800000,0x00000007854756a8,0x0000000789a00000)
 PSPermGen       total 23552K, used 23174K [0x000000077f600000, 0x0000000780d00000, 0x0000000784800000)
  object space 23552K, 98% used [0x000000077f600000,0x0000000780ca19b0,0x0000000780d00000)
}
Event: 7.537 GC heap before
{Heap before GC invocations=7 (full 0):
 PSYoungGen      total 270336K, used 267111K [0x00000007d6d00000, 0x00000007e8300000, 0x0000000800000000)
  eden space 257536K, 100% used [0x00000007d6d00000,0x00000007e6880000,0x00000007e6880000)
  from space 12800K, 74% used [0x00000007e7580000,0x00000007e7ed9f58,0x00000007e8200000)
  to   space 13312K, 0% used [0x00000007e6880000,0x00000007e6880000,0x00000007e7580000)
 ParOldGen       total 83968K, used 12757K [0x0000000784800000, 0x0000000789a00000, 0x00000007d6d00000)
  object space 83968K, 15% used [0x0000000784800000,0x00000007854756a8,0x0000000789a00000)
 PSPermGen       total 25600K, used 25556K [0x000000077f600000, 0x0000000780f00000, 0x0000000784800000)
  object space 25600K, 99% used [0x000000077f600000,0x0000000780ef50a0,0x0000000780f00000)
Event: 7.556 GC heap after
Heap after GC invocations=7 (full 0):
 PSYoungGen      total 270848K, used 13285K [0x00000007d6d00000, 0x00000007f8c00000, 0x0000000800000000)
  eden space 257536K, 0% used [0x00000007d6d00000,0x00000007d6d00000,0x00000007e6880000)
  from space 13312K, 99% used [0x00000007e6880000,0x00000007e7579730,0x00000007e7580000)
  to   space 20480K, 0% used [0x00000007f7800000,0x00000007f7800000,0x00000007f8c00000)
 ParOldGen       total 83968K, used 22611K [0x0000000784800000, 0x0000000789a00000, 0x00000007d6d00000)
  object space 83968K, 26% used [0x0000000784800000,0x0000000785e14d58,0x0000000789a00000)
 PSPermGen       total 25600K, used 25556K [0x000000077f600000, 0x0000000780f00000, 0x0000000784800000)
  object space 25600K, 99% used [0x000000077f600000,0x0000000780ef50a0,0x0000000780f00000)
}
Event: 9.407 GC heap before
{Heap before GC invocations=8 (full 0):
 PSYoungGen      total 270848K, used 270821K [0x00000007d6d00000, 0x00000007f8c00000, 0x0000000800000000)
  eden space 257536K, 100% used [0x00000007d6d00000,0x00000007e6880000,0x00000007e6880000)
  from space 13312K, 99% used [0x00000007e6880000,0x00000007e7579730,0x00000007e7580000)
  to   space 20480K, 0% used [0x00000007f7800000,0x00000007f7800000,0x00000007f8c00000)
 ParOldGen       total 83968K, used 22611K [0x0000000784800000, 0x0000000789a00000, 0x00000007d6d00000)
  object space 83968K, 26% used [0x0000000784800000,0x0000000785e14d58,0x0000000789a00000)
 PSPermGen       total 31232K, used 30917K [0x000000077f600000, 0x0000000781480000, 0x0000000784800000)
  object space 31232K, 98% used [0x000000077f600000,0x0000000781431580,0x0000000781480000)
Event: 9.423 GC heap after
Heap after GC invocations=8 (full 0):
 PSYoungGen      total 534016K, used 16770K [0x00000007d6d00000, 0x00000007f8f00000, 0x0000000800000000)
  eden space 513536K, 0% used [0x00000007d6d00000,0x00000007d6d00000,0x00000007f6280000)
  from space 20480K, 81% used [0x00000007f7800000,0x00000007f8860860,0x00000007f8c00000)
  to   space 22016K, 0% used [0x00000007f6280000,0x00000007f6280000,0x00000007f7800000)
 ParOldGen       total 83968K, used 24877K [0x0000000784800000, 0x0000000789a00000, 0x00000007d6d00000)
  object space 83968K, 29% used [0x0000000784800000,0x000000078604b760,0x0000000789a00000)
 PSPermGen       total 31232K, used 30917K [0x000000077f600000, 0x0000000781480000, 0x0000000784800000)
  object space 31232K, 98% used [0x000000077f600000,0x0000000781431580,0x0000000781480000)
}
Event: 120.846 GC heap before
{Heap before GC invocations=9 (full 0):
 PSYoungGen      total 534016K, used 530306K [0x00000007d6d00000, 0x00000007f8f00000, 0x0000000800000000)
  eden space 513536K, 100% used [0x00000007d6d00000,0x00000007f6280000,0x00000007f6280000)
  from space 20480K, 81% used [0x00000007f7800000,0x00000007f8860860,0x00000007f8c00000)
  to   space 22016K, 0% used [0x00000007f6280000,0x00000007f6280000,0x00000007f7800000)
 ParOldGen       total 83968K, used 24877K [0x0000000784800000, 0x0000000789a00000, 0x00000007d6d00000)
  object space 83968K, 29% used [0x0000000784800000,0x000000078604b760,0x0000000789a00000)
 PSPermGen       total 47616K, used 47303K [0x000000077f600000, 0x0000000782480000, 0x0000000784800000)
  object space 47616K, 99% used [0x000000077f600000,0x0000000782431e68,0x0000000782480000)
Event: 120.880 GC heap after
Heap after GC invocations=9 (full 0):
 PSYoungGen      total 511488K, used 21990K [0x00000007d6d00000, 0x00000007f8500000, 0x0000000800000000)
  eden space 489472K, 0% used [0x00000007d6d00000,0x00000007d6d00000,0x00000007f4b00000)
  from space 22016K, 99% used [0x00000007f6280000,0x00000007f77f9b20,0x00000007f7800000)
  to   space 13312K, 0% used [0x00000007f7800000,0x00000007f7800000,0x00000007f8500000)
 ParOldGen       total 83968K, used 34884K [0x0000000784800000, 0x0000000789a00000, 0x00000007d6d00000)
  object space 83968K, 41% used [0x0000000784800000,0x0000000786a112d8,0x0000000789a00000)
 PSPermGen       total 47616K, used 47303K [0x000000077f600000, 0x0000000782480000, 0x0000000784800000)
  object space 47616K, 99% used [0x000000077f600000,0x0000000782431e68,0x0000000782480000)
}
Event: 303.350 GC heap before
{Heap before GC invocations=10 (full 0):
 PSYoungGen      total 511488K, used 511462K [0x00000007d6d00000, 0x00000007f8500000, 0x0000000800000000)
  eden space 489472K, 100% used [0x00000007d6d00000,0x00000007f4b00000,0x00000007f4b00000)
  from space 22016K, 99% used [0x00000007f6280000,0x00000007f77f9b20,0x00000007f7800000)
  to   space 13312K, 0% used [0x00000007f7800000,0x00000007f7800000,0x00000007f8500000)
 ParOldGen       total 83968K, used 34884K [0x0000000784800000, 0x0000000789a00000, 0x00000007d6d00000)
  object space 83968K, 41% used [0x0000000784800000,0x0000000786a112d8,0x0000000789a00000)
 PSPermGen       total 55296K, used 54908K [0x000000077f600000, 0x0000000782c00000, 0x0000000784800000)
  object space 55296K, 99% used [0x000000077f600000,0x0000000782b9f1e0,0x0000000782c00000)
Event: 303.437 GC heap after
Heap after GC invocations=10 (full 0):
 PSYoungGen      total 480256K, used 13299K [0x00000007d6d00000, 0x00000007f8500000, 0x0000000800000000)
  eden space 466944K, 0% used [0x00000007d6d00000,0x00000007d6d00000,0x00000007f3500000)
  from space 13312K, 99% used [0x00000007f7800000,0x00000007f84fcfc8,0x00000007f8500000)
  to   space 37376K, 0% used [0x00000007f3c00000,0x00000007f3c00000,0x00000007f6080000)
 ParOldGen       total 83968K, used 59944K [0x0000000784800000, 0x0000000789a00000, 0x00000007d6d00000)
  object space 83968K, 71% used [0x0000000784800000,0x000000078828a1c8,0x0000000789a00000)
 PSPermGen       total 55296K, used 54908K [0x000000077f600000, 0x0000000782c00000, 0x0000000784800000)
  object space 55296K, 99% used [0x000000077f600000,0x0000000782b9f1e0,0x0000000782c00000)
}

Deoptimization events (10 events):
Event: 301.564 Thread 0x00007fa40ce4d800 Uncommon trap: reason=bimorphic action=maybe_recompile pc=0x00007fa4088e3c24 method=org.apache.xerces.parsers.AbstractSAXParser.characters(Lorg/apache/xerces/xni/XMLString;Lorg/apache/xerces/xni/Augmentations;)V @ 70
Event: 301.564 Thread 0x00007fa40ce4d800 Uncommon trap: reason=bimorphic action=maybe_recompile pc=0x00007fa4088e3c24 method=org.apache.xerces.parsers.AbstractSAXParser.characters(Lorg/apache/xerces/xni/XMLString;Lorg/apache/xerces/xni/Augmentations;)V @ 70
Event: 302.762 Thread 0x00007fa40ce4d800 Uncommon trap: reason=unreached action=reinterpret pc=0x00007fa408955604 method=org.apache.xerces.dom.DeferredDocumentImpl.ensureCapacity(I)V @ 4
Event: 303.565 Thread 0x00007fa40ce4d800 Uncommon trap: reason=bimorphic action=maybe_recompile pc=0x00007fa40883ddd8 method=sun.reflect.annotation.AnnotationParser.toArray(Ljava/util/Map;)[Ljava/lang/annotation/Annotation; @ 1
Event: 303.567 Thread 0x00007fa40ce4d800 Uncommon trap: reason=bimorphic action=maybe_recompile pc=0x00007fa40883ddd8 method=sun.reflect.annotation.AnnotationParser.toArray(Ljava/util/Map;)[Ljava/lang/annotation/Annotation; @ 1
Event: 303.568 Thread 0x00007fa40ce4d800 Uncommon trap: reason=bimorphic action=maybe_recompile pc=0x00007fa40883ddd8 method=sun.reflect.annotation.AnnotationParser.toArray(Ljava/util/Map;)[Ljava/lang/annotation/Annotation; @ 1
Event: 305.488 Thread 0x00007fa40ce4d800 Uncommon trap: reason=bimorphic action=maybe_recompile pc=0x00007fa40895301c method=org.apache.xerces.dom.DeepNodeListImpl.nextMatchingElementAfter(Lorg/w3c/dom/Node;)Lorg/w3c/dom/Node; @ 14
Event: 305.618 Thread 0x00007fa40ce4d800 Uncommon trap: reason=bimorphic action=maybe_recompile pc=0x00007fa40895301c method=org.apache.xerces.dom.DeepNodeListImpl.nextMatchingElementAfter(Lorg/w3c/dom/Node;)Lorg/w3c/dom/Node; @ 14
Event: 305.627 Thread 0x00007fa40ce4d800 Uncommon trap: reason=bimorphic action=maybe_recompile pc=0x00007fa40895301c method=org.apache.xerces.dom.DeepNodeListImpl.nextMatchingElementAfter(Lorg/w3c/dom/Node;)Lorg/w3c/dom/Node; @ 14
Event: 305.629 Thread 0x00007fa40ce4d800 Uncommon trap: reason=bimorphic action=maybe_recompile pc=0x00007fa40895301c method=org.apache.xerces.dom.DeepNodeListImpl.nextMatchingElementAfter(Lorg/w3c/dom/Node;)Lorg/w3c/dom/Node; @ 14

Internal exceptions (10 events):
Event: 306.052 Thread 0x00007fa40ce4d800 Threw 0x00000007df205c80 at /HUDSON/workspace/7u-2-build-linux-amd64@2/jdk7u51/527/hotspot/src/share/vm/prims/jvm.cpp:1244
Event: 306.053 Thread 0x00007fa40ce4d800 Threw 0x00000007df25ba70 at /HUDSON/workspace/7u-2-build-linux-amd64@2/jdk7u51/527/hotspot/src/share/vm/prims/jvm.cpp:1244
Event: 306.054 Thread 0x00007fa40ce4d800 Threw 0x00000007df265938 at /HUDSON/workspace/7u-2-build-linux-amd64@2/jdk7u51/527/hotspot/src/share/vm/prims/jvm.cpp:1244
Event: 306.056 Thread 0x00007fa40ce4d800 Threw 0x00000007df2e28e0 at /HUDSON/workspace/7u-2-build-linux-amd64@2/jdk7u51/527/hotspot/src/share/vm/prims/jvm.cpp:1244
Event: 306.057 Thread 0x00007fa40ce4d800 Threw 0x00000007df301338 at /HUDSON/workspace/7u-2-build-linux-amd64@2/jdk7u51/527/hotspot/src/share/vm/prims/jvm.cpp:1244
Event: 306.058 Thread 0x00007fa40ce4d800 Threw 0x00000007df30b328 at /HUDSON/workspace/7u-2-build-linux-amd64@2/jdk7u51/527/hotspot/src/share/vm/prims/jvm.cpp:1244
Event: 306.059 Thread 0x00007fa40ce4d800 Threw 0x00000007df313370 at /HUDSON/workspace/7u-2-build-linux-amd64@2/jdk7u51/527/hotspot/src/share/vm/prims/jvm.cpp:1244
Event: 306.059 Thread 0x00007fa40ce4d800 Threw 0x00000007df31a7c8 at /HUDSON/workspace/7u-2-build-linux-amd64@2/jdk7u51/527/hotspot/src/share/vm/prims/jvm.cpp:1244
Event: 306.060 Thread 0x00007fa40ce4d800 Threw 0x00000007df328740 at /HUDSON/workspace/7u-2-build-linux-amd64@2/jdk7u51/527/hotspot/src/share/vm/prims/jvm.cpp:1244
Event: 306.064 Thread 0x00007fa40ce4d800 Threw 0x00000007df33afa8 at /HUDSON/workspace/7u-2-build-linux-amd64@2/jdk7u51/527/hotspot/src/share/vm/prims/jvm.cpp:1244

Events (10 events):
Event: 306.059 loading class 0x00007fa40cced9d0
Event: 306.059 loading class 0x00007fa40cced9d0 done
Event: 306.060 loading class 0x00007fa40ccedbb0
Event: 306.060 loading class 0x00007fa40ccedbb0 done
Event: 306.060 loading class 0x00007fa40ccedbb0
Event: 306.060 loading class 0x00007fa40ccedbb0 done
Event: 306.063 loading class 0x00007fa40ccecd40
Event: 306.063 loading class 0x00007fa40ccecd40 done
Event: 306.064 loading class 0x00007fa40ccecd40
Event: 306.064 loading class 0x00007fa40ccecd40 done


Dynamic libraries:
00400000-00401000 r-xp 00000000 08:05 57935094                           /usr/lib/jvm/jdk1.7.51/jre/bin/java
00600000-00601000 rw-p 00000000 08:05 57935094                           /usr/lib/jvm/jdk1.7.51/jre/bin/java
0129f000-012c0000 rw-p 00000000 00:00 0                                  [heap]
77f600000-782d80000 rw-p 00000000 00:00 0 
782d80000-784800000 rw-p 00000000 00:00 0 
784800000-789a00000 rw-p 00000000 00:00 0 
789a00000-7d6d00000 rw-p 00000000 00:00 0 
7d6d00000-7f8500000 rw-p 00000000 00:00 0 
7f8500000-7f8f00000 ---p 00000000 00:00 0 
7f8f00000-800000000 rw-p 00000000 00:00 0 
7fa390000000-7fa390021000 rw-p 00000000 00:00 0 
7fa390021000-7fa394000000 ---p 00000000 00:00 0 
7fa398000000-7fa398021000 rw-p 00000000 00:00 0 
7fa398021000-7fa39c000000 ---p 00000000 00:00 0 
7fa39c000000-7fa39c021000 rw-p 00000000 00:00 0 
7fa39c021000-7fa3a0000000 ---p 00000000 00:00 0 
7fa3a0000000-7fa3a0021000 rw-p 00000000 00:00 0 
7fa3a0021000-7fa3a4000000 ---p 00000000 00:00 0 
7fa3a4000000-7fa3a4021000 rw-p 00000000 00:00 0 
7fa3a4021000-7fa3a8000000 ---p 00000000 00:00 0 
7fa3a8000000-7fa3a8021000 rw-p 00000000 00:00 0 
7fa3a8021000-7fa3ac000000 ---p 00000000 00:00 0 
7fa3ac000000-7fa3ac021000 rw-p 00000000 00:00 0 
7fa3ac021000-7fa3b0000000 ---p 00000000 00:00 0 
7fa3b0000000-7fa3b0024000 rw-p 00000000 00:00 0 
7fa3b0024000-7fa3b4000000 ---p 00000000 00:00 0 
7fa3b4000000-7fa3b402b000 rw-p 00000000 00:00 0 
7fa3b402b000-7fa3b8000000 ---p 00000000 00:00 0 
7fa3bb7f8000-7fa3bb7fb000 ---p 00000000 00:00 0 
7fa3bb7fb000-7fa3bb8f9000 rw-p 00000000 00:00 0                          [stack:9214]
7fa3bb8f9000-7fa3bb8fc000 ---p 00000000 00:00 0 
7fa3bb8fc000-7fa3bb9fa000 rw-p 00000000 00:00 0 
7fa3bb9fa000-7fa3bb9fd000 ---p 00000000 00:00 0 
7fa3bb9fd000-7fa3bbafb000 rw-p 00000000 00:00 0                          [stack:9212]
7fa3bbafb000-7fa3bbafe000 ---p 00000000 00:00 0 
7fa3bbafe000-7fa3bbbfc000 rw-p 00000000 00:00 0                          [stack:9211]
7fa3bbbfc000-7fa3bbbff000 ---p 00000000 00:00 0 
7fa3bbbff000-7fa3bbcfd000 rw-p 00000000 00:00 0                          [stack:9209]
7fa3bbcfd000-7fa3bbd00000 ---p 00000000 00:00 0 
7fa3bbd00000-7fa3bbdfe000 rw-p 00000000 00:00 0 
7fa3bbdfe000-7fa3bbe01000 ---p 00000000 00:00 0 
7fa3bbe01000-7fa3bbeff000 rw-p 00000000 00:00 0 
7fa3bbeff000-7fa3bbf02000 ---p 00000000 00:00 0 
7fa3bbf02000-7fa3bc000000 rw-p 00000000 00:00 0                          [stack:9206]
7fa3bc000000-7fa3bc031000 rw-p 00000000 00:00 0 
7fa3bc031000-7fa3c0000000 ---p 00000000 00:00 0 
7fa3c0000000-7fa3c0021000 rw-p 00000000 00:00 0 
7fa3c0021000-7fa3c4000000 ---p 00000000 00:00 0 
7fa3c4000000-7fa3c43ba000 rw-p 00000000 00:00 0 
7fa3c43ba000-7fa3c8000000 ---p 00000000 00:00 0 
7fa3c8000000-7fa3c82e9000 rw-p 00000000 00:00 0 
7fa3c82e9000-7fa3cc000000 ---p 00000000 00:00 0 
7fa3cc000000-7fa3cc021000 rw-p 00000000 00:00 0 
7fa3cc021000-7fa3d0000000 ---p 00000000 00:00 0 
7fa3d0000000-7fa3d0021000 rw-p 00000000 00:00 0 
7fa3d0021000-7fa3d4000000 ---p 00000000 00:00 0 
7fa3d4000000-7fa3d52cc000 rw-p 00000000 00:00 0 
7fa3d52cc000-7fa3d8000000 ---p 00000000 00:00 0 
7fa3d8000000-7fa3d8021000 rw-p 00000000 00:00 0 
7fa3d8021000-7fa3dc000000 ---p 00000000 00:00 0 
7fa3dc000000-7fa3dc021000 rw-p 00000000 00:00 0 
7fa3dc021000-7fa3e0000000 ---p 00000000 00:00 0 
7fa3e0000000-7fa3e13bc000 rw-p 00000000 00:00 0 
7fa3e13bc000-7fa3e4000000 ---p 00000000 00:00 0 
7fa3e4000000-7fa3e4021000 rw-p 00000000 00:00 0 
7fa3e4021000-7fa3e8000000 ---p 00000000 00:00 0 
7fa3e8000000-7fa3e8021000 rw-p 00000000 00:00 0 
7fa3e8021000-7fa3ec000000 ---p 00000000 00:00 0 
7fa3ec000000-7fa3ec021000 rw-p 00000000 00:00 0 
7fa3ec021000-7fa3f0000000 ---p 00000000 00:00 0 
7fa3f0000000-7fa3f0039000 rw-p 00000000 00:00 0 
7fa3f0039000-7fa3f4000000 ---p 00000000 00:00 0 
7fa3f4000000-7fa3f4021000 rw-p 00000000 00:00 0 
7fa3f4021000-7fa3f8000000 ---p 00000000 00:00 0 
7fa3f8000000-7fa3f8032000 rw-p 00000000 00:00 0 
7fa3f8032000-7fa3fc000000 ---p 00000000 00:00 0 
7fa3fc000000-7fa3fc021000 rw-p 00000000 00:00 0 
7fa3fc021000-7fa400000000 ---p 00000000 00:00 0 
7fa400012000-7fa400013000 rw-p 00000000 00:00 0 
7fa400013000-7fa400014000 r--p 00000000 08:05 49950363                   /usr/share/locale-langpack/en_GB/LC_MESSAGES/libc.mo
7fa400014000-7fa40001f000 r--s 0037c000 08:05 57935100                   /usr/lib/jvm/jdk1.7.51/jre/lib/charsets.jar
7fa40001f000-7fa40002a000 r--s 0037c000 08:05 57935100                   /usr/lib/jvm/jdk1.7.51/jre/lib/charsets.jar
7fa40002a000-7fa40002d000 ---p 00000000 00:00 0 
7fa40002d000-7fa40012b000 rw-p 00000000 00:00 0 
7fa40012b000-7fa40012e000 ---p 00000000 00:00 0 
7fa40012e000-7fa40022c000 rw-p 00000000 00:00 0                          [stack:9264]
7fa40022c000-7fa40022e000 r--s 00012000 08:05 8793947                    /home/user0001/.m2/repository/com/google/appengine/appengine-java-sdk/1.9.18/appengine-java-sdk/appengine-java-sdk-1.9.18/lib/opt/tools/appengine-local-endpoints/v1/appengine-local-endpoints.jar
7fa40022e000-7fa400230000 r--s 00000000 08:05 57674693                   /home/user0001/NetBeansProjects/GAPolicyWebApp/target/GAPolicyWebApp-1.0.0/WEB-INF/lib/aopalliance-1.0.jar
7fa400230000-7fa400247000 r--s 00112000 08:05 57674681                   /home/user0001/NetBeansProjects/GAPolicyWebApp/target/GAPolicyWebApp-1.0.0/WEB-INF/lib/xercesImpl-2.8.1.jar
7fa400247000-7fa40024f000 r--s 00028000 08:05 57674682                   /home/user0001/NetBeansProjects/GAPolicyWebApp/target/GAPolicyWebApp-1.0.0/WEB-INF/lib/xml-apis-1.3.03.jar
7fa40024f000-7fa400254000 r--s 0003b000 08:05 57674713                   /home/user0001/NetBeansProjects/GAPolicyWebApp/target/GAPolicyWebApp-1.0.0/WEB-INF/lib/spring-expression-4.1.2.RELEASE.jar
7fa400254000-7fa400259000 r--s 00027000 08:05 57674714                   /home/user0001/NetBeansProjects/GAPolicyWebApp/target/GAPolicyWebApp-1.0.0/WEB-INF/lib/spring-context-support-4.1.2.RELEASE.jar
7fa400259000-7fa4002ad000 r--s 004f1000 08:05 57674684                   /home/user0001/NetBeansProjects/GAPolicyWebApp/target/GAPolicyWebApp-1.0.0/WEB-INF/lib/groovy-1.8.3.jar
7fa4002ad000-7fa4002c1000 r--s 0013a000 08:05 57674699                   /home/user0001/NetBeansProjects/GAPolicyWebApp/target/GAPolicyWebApp-1.0.0/WEB-INF/lib/all-themes-1.0.10.jar
7fa4002c1000-7fa4002c5000 r--s 0002a000 08:05 57674697                   /home/user0001/NetBeansProjects/GAPolicyWebApp/target/GAPolicyWebApp-1.0.0/WEB-INF/lib/commons-io-2.4.jar
7fa4002c5000-7fa4002c8000 r--s 0001e000 08:05 57674718                   /home/user0001/NetBeansProjects/GAPolicyWebApp/target/GAPolicyWebApp-1.0.0/WEB-INF/lib/jboss-el-1.0.0.jar
7fa4002c8000-7fa4002cd000 r--s 0002a000 08:05 57674696                   /home/user0001/NetBeansProjects/GAPolicyWebApp/target/GAPolicyWebApp-1.0.0/WEB-INF/lib/gson-2.2.4.jar
7fa4002cd000-7fa4002d2000 r--s 00031000 08:05 57674611                   /home/user0001/NetBeansProjects/GAPolicyWebApp/target/GAPolicyWebApp-1.0.0/WEB-INF/lib/EntityComponentWebApp-1.0.0.jar
7fa4002d2000-7fa4002d4000 r--s 0000f000 08:05 57674698                   /home/user0001/NetBeansProjects/GAPolicyWebApp/target/GAPolicyWebApp-1.0.0/WEB-INF/lib/commons-fileupload-1.3.jar
7fa4002d4000-7fa4002df000 r--s 000b4000 08:05 57674695                   /home/user0001/NetBeansProjects/GAPolicyWebApp/target/GAPolicyWebApp-1.0.0/WEB-INF/lib/primefaces-extensions-2.0.0.jar
7fa4002df000-7fa4002e8000 r--s 0004c000 08:05 57674704                   /home/user0001/NetBeansProjects/GAPolicyWebApp/target/GAPolicyWebApp-1.0.0/WEB-INF/lib/objectify-5.1.5.jar
7fa4002e8000-7fa40031c000 r--s 001a4000 08:05 57674721                   /home/user0001/NetBeansProjects/GAPolicyWebApp/target/GAPolicyWebApp-1.0.0/WEB-INF/lib/javaee-api-7.0.jar
7fa40031c000-7fa40031d000 r--s 0000a000 08:05 57674686                   /home/user0001/NetBeansProjects/GAPolicyWebApp/target/GAPolicyWebApp-1.0.0/WEB-INF/lib/asm-3.2.jar
7fa40031d000-7fa40031f000 r--s 00007000 08:05 57674687                   /home/user0001/NetBeansProjects/GAPolicyWebApp/target/GAPolicyWebApp-1.0.0/WEB-INF/lib/asm-commons-3.2.jar
7fa40031f000-7fa400321000 r--s 00010000 08:05 57674707                   /home/user0001/NetBeansProjects/GAPolicyWebApp/target/GAPolicyWebApp-1.0.0/WEB-INF/lib/PolicyApplication-1.0.0.jar
7fa400321000-7fa400322000 r--s 00004000 08:05 57674689                   /home/user0001/NetBeansProjects/GAPolicyWebApp/target/GAPolicyWebApp-1.0.0/WEB-INF/lib/asm-analysis-3.2.jar
7fa400322000-7fa400337000 r--s 000e1000 08:05 57674708                   /home/user0001/NetBeansProjects/GAPolicyWebApp/target/GAPolicyWebApp-1.0.0/WEB-INF/lib/spring-core-4.1.2.RELEASE.jar
7fa400337000-7fa40033b000 r--s 00030000 08:05 57674679                   /home/user0001/NetBeansProjects/GAPolicyWebApp/target/GAPolicyWebApp-1.0.0/WEB-INF/lib/metadata-extractor-2.6.2.jar
7fa40033b000-7fa40033d000 r--s 00002000 08:05 57674702                   /home/user0001/NetBeansProjects/GAPolicyWebApp/target/GAPolicyWebApp-1.0.0/WEB-INF/lib/PolicyDSEntityComponent-1.0.0.jar
7fa40033d000-7fa400355000 r--s 000e3000 08:05 57674710                   /home/user0001/NetBeansProjects/GAPolicyWebApp/target/GAPolicyWebApp-1.0.0/WEB-INF/lib/spring-context-4.1.2.RELEASE.jar
7fa400355000-7fa40035e000 r--s 0004f000 08:05 57674711                   /home/user0001/NetBeansProjects/GAPolicyWebApp/target/GAPolicyWebApp-1.0.0/WEB-INF/lib/spring-aop-4.1.2.RELEASE.jar
7fa40035e000-7fa400360000 r--s 0001b000 08:05 57674680                   /home/user0001/NetBeansProjects/GAPolicyWebApp/target/GAPolicyWebApp-1.0.0/WEB-INF/lib/xmpcore-5.1.2.jar
7fa400360000-7fa400361000 r--s 00008000 08:05 57674688                   /home/user0001/NetBeansProjects/GAPolicyWebApp/target/GAPolicyWebApp-1.0.0/WEB-INF/lib/asm-util-3.2.jar
7fa400361000-7fa400363000 r--s 00000000 08:05 57674612                   /home/user0001/NetBeansProjects/GAPolicyWebApp/target/GAPolicyWebApp-1.0.0/WEB-INF/lib/EntityComponentData-1.0.0.jar
7fa400363000-7fa40036b000 r--s 00078000 08:05 57674722                   /home/user0001/NetBeansProjects/GAPolicyWebApp/target/GAPolicyWebApp-1.0.0/WEB-INF/lib/javax.mail-1.5.0.jar
7fa40036b000-7fa400370000 r--s 00068000 08:05 57674685                   /home/user0001/NetBeansProjects/GAPolicyWebApp/target/GAPolicyWebApp-1.0.0/WEB-INF/lib/antlr-2.7.7.jar
7fa400370000-7fa400376000 r--s 00048000 08:05 57674706                   /home/user0001/NetBeansProjects/GAPolicyWebApp/target/GAPolicyWebApp-1.0.0/WEB-INF/lib/commons-lang3-3.1.jar
7fa400376000-7fa400377000 r--s 00003000 08:05 57674701                   /home/user0001/NetBeansProjects/GAPolicyWebApp/target/GAPolicyWebApp-1.0.0/WEB-INF/lib/JournalEntityComponent-1.0.0.jar
7fa400377000-7fa400379000 r--s 00005000 08:05 57674691                   /home/user0001/NetBeansProjects/GAPolicyWebApp/target/GAPolicyWebApp-1.0.0/WEB-INF/lib/slf4j-api-1.7.2.jar
7fa400379000-7fa40037b000 r--s 0000e000 08:05 57674709                   /home/user0001/NetBeansProjects/GAPolicyWebApp/target/GAPolicyWebApp-1.0.0/WEB-INF/lib/commons-logging-1.1.3.jar
7fa40037b000-7fa4003a6000 r--s 001fc000 08:05 57674705                   /home/user0001/NetBeansProjects/GAPolicyWebApp/target/GAPolicyWebApp-1.0.0/WEB-INF/lib/guava-18.0.jar
7fa4003a6000-7fa4003a7000 r--s 00001000 08:05 57674720                   /home/user0001/NetBeansProjects/GAPolicyWebApp/target/GAPolicyWebApp-1.0.0/WEB-INF/lib/slf4j-jdk14-1.7.9.jar
7fa4003a7000-7fa4003a9000 r--s 00001000 08:05 57674678                   /home/user0001/NetBeansProjects/GAPolicyWebApp/target/GAPolicyWebApp-1.0.0/WEB-INF/lib/Utilities-1.0.0.jar
7fa4003a9000-7fa4003aa000 r--s 00005000 08:05 57674703                   /home/user0001/NetBeansProjects/GAPolicyWebApp/target/GAPolicyWebApp-1.0.0/WEB-INF/lib/DatastoreEntityComponent-1.0.0.jar
7fa4003aa000-7fa4003ac000 r--s 0000e000 08:05 57674723                   /home/user0001/NetBeansProjects/GAPolicyWebApp/target/GAPolicyWebApp-1.0.0/WEB-INF/lib/activation-1.1.jar
7fa4003ac000-7fa4003ae000 r--s 00006000 08:05 57674700                   /home/user0001/NetBeansProjects/GAPolicyWebApp/target/GAPolicyWebApp-1.0.0/WEB-INF/lib/EntityComponent-1.0.0.jar
7fa4003ae000-7fa4003b0000 r--s 00004000 08:05 57674690                   /home/user0001/NetBeansProjects/GAPolicyWebApp/target/GAPolicyWebApp-1.0.0/WEB-INF/lib/asm-tree-3.2.jar
7fa4003b0000-7fa4003bd000 r--s 0009c000 08:05 57674715                   /home/user0001/NetBeansProjects/GAPolicyWebApp/target/GAPolicyWebApp-1.0.0/WEB-INF/lib/javax.faces-api-2.2.jar
7fa4003bd000-7fa4003c8000 r--s 00032000 08:05 57674716                   /home/user0001/NetBeansProjects/GAPolicyWebApp/target/GAPolicyWebApp-1.0.0/WEB-INF/lib/jsf-api-2.1.jar
7fa4003c8000-7fa4003f1000 r--s 002d3000 08:05 57674717                   /home/user0001/NetBeansProjects/GAPolicyWebApp/target/GAPolicyWebApp-1.0.0/WEB-INF/lib/javax.faces-2.2.8.jar
7fa4003f1000-7fa40041c000 r--s 002f4000 08:05 57674694                   /home/user0001/NetBeansProjects/GAPolicyWebApp/target/GAPolicyWebApp-1.0.0/WEB-INF/lib/primefaces-5.2.jar
7fa40041c000-7fa400429000 r--s 000a0000 08:05 57674712                   /home/user0001/NetBeansProjects/GAPolicyWebApp/target/GAPolicyWebApp-1.0.0/WEB-INF/lib/spring-beans-4.1.2.RELEASE.jar
7fa400429000-7fa400437000 r--s 0008b000 08:05 57674692                   /home/user0001/NetBeansProjects/GAPolicyWebApp/target/GAPolicyWebApp-1.0.0/WEB-INF/lib/spring-web-3.2.3.RELEASE.jar
7fa400437000-7fa40055a000 r--s 00eb7000 08:05 57674610                   /home/user0001/NetBeansProjects/GAPolicyWebApp/target/GAPolicyWebApp-1.0.0/WEB-INF/lib/appengine-api-1.0-sdk-1.9.19.jar
7fa40055a000-7fa40055d000 ---p 00000000 00:00 0 
7fa40055d000-7fa40065b000 rw-p 00000000 00:00 0                          [stack:9202]
7fa40065b000-7fa40065e000 ---p 00000000 00:00 0 
7fa40065e000-7fa40075c000 rw-p 00000000 00:00 0                          [stack:9201]
7fa40075c000-7fa400766000 r--s 0004b000 08:05 12200536                   /home/user0001/.m2/repository/com/google/appengine/appengine-java-sdk/1.9.18/appengine-java-sdk/appengine-java-sdk-1.9.18/lib/tools/jsp/repackaged-appengine-jakarta-standard-1.1.2.jar
7fa400766000-7fa400772000 r--s 00152000 08:05 12200537                   /home/user0001/.m2/repository/com/google/appengine/appengine-java-sdk/1.9.18/appengine-java-sdk/appengine-java-sdk-1.9.18/lib/tools/jsp/repackaged-appengine-jasper-jdt-6.0.29.jar
7fa400772000-7fa4007cc000 r--s 00592000 08:05 7744745                    /home/user0001/.m2/repository/com/google/appengine/appengine-java-sdk/1.9.18/appengine-java-sdk/appengine-java-sdk-1.9.18/lib/impl/appengine-api-stubs.jar
7fa4007cc000-7fa4007fc000 r--s 00cc8000 08:05 7744744                    /home/user0001/.m2/repository/com/google/appengine/appengine-java-sdk/1.9.18/appengine-java-sdk/appengine-java-sdk-1.9.18/lib/impl/appengine-api-labs.jar
7fa4007fc000-7fa40087e000 r--s 006ab000 08:05 7744747                    /home/user0001/.m2/repository/com/google/appengine/appengine-java-sdk/1.9.18/appengine-java-sdk/appengine-java-sdk-1.9.18/lib/impl/appengine-local-runtime.jar
7fa40087e000-7fa4008e7000 r--s 00614000 08:05 7744748                    /home/user0001/.m2/repository/com/google/appengine/appengine-java-sdk/1.9.18/appengine-java-sdk/appengine-java-sdk-1.9.18/lib/impl/google_sql.jar
7fa4008e7000-7fa400a09000 r--s 00ecb000 08:05 7744746                    /home/user0001/.m2/repository/com/google/appengine/appengine-java-sdk/1.9.18/appengine-java-sdk/appengine-java-sdk-1.9.18/lib/impl/appengine-api.jar
7fa400a09000-7fa400a10000 r--s 0007a000 08:05 11665645                   /home/user0001/.m2/repository/com/google/appengine/appengine-java-sdk/1.9.18/appengine-java-sdk/appengine-java-sdk-1.9.18/lib/shared/jsp/repackaged-appengine-jasper-6.0.29.jar
7fa400a10000-7fa400a13000 ---p 00000000 00:00 0 
7fa400a13000-7fa400b11000 rw-p 00000000 00:00 0                          [stack:9204]
7fa400b11000-7fa400b28000 r-xp 00000000 08:05 41156705                   /lib/x86_64-linux-gnu/libresolv-2.19.so
7fa400b28000-7fa400d28000 ---p 00017000 08:05 41156705                   /lib/x86_64-linux-gnu/libresolv-2.19.so
7fa400d28000-7fa400d29000 r--p 00017000 08:05 41156705                   /lib/x86_64-linux-gnu/libresolv-2.19.so
7fa400d29000-7fa400d2a000 rw-p 00018000 08:05 41156705                   /lib/x86_64-linux-gnu/libresolv-2.19.so
7fa400d2a000-7fa400d2c000 rw-p 00000000 00:00 0 
7fa400d2c000-7fa400d31000 r-xp 00000000 08:05 41156858                   /lib/x86_64-linux-gnu/libnss_dns-2.19.so
7fa400d31000-7fa400f30000 ---p 00005000 08:05 41156858                   /lib/x86_64-linux-gnu/libnss_dns-2.19.so
7fa400f30000-7fa400f31000 r--p 00004000 08:05 41156858                   /lib/x86_64-linux-gnu/libnss_dns-2.19.so
7fa400f31000-7fa400f32000 rw-p 00005000 08:05 41156858                   /lib/x86_64-linux-gnu/libnss_dns-2.19.so
7fa400f32000-7fa400f34000 r-xp 00000000 08:05 41164935                   /lib/x86_64-linux-gnu/libnss_mdns4_minimal.so.2
7fa400f34000-7fa401133000 ---p 00002000 08:05 41164935                   /lib/x86_64-linux-gnu/libnss_mdns4_minimal.so.2
7fa401133000-7fa401134000 r--p 00001000 08:05 41164935                   /lib/x86_64-linux-gnu/libnss_mdns4_minimal.so.2
7fa401134000-7fa401135000 rw-p 00002000 08:05 41164935                   /lib/x86_64-linux-gnu/libnss_mdns4_minimal.so.2
7fa401135000-7fa40114b000 r-xp 00000000 08:05 41156887                   /lib/x86_64-linux-gnu/libgcc_s.so.1
7fa40114b000-7fa40134a000 ---p 00016000 08:05 41156887                   /lib/x86_64-linux-gnu/libgcc_s.so.1
7fa40134a000-7fa40134b000 rw-p 00015000 08:05 41156887                   /lib/x86_64-linux-gnu/libgcc_s.so.1
7fa40134b000-7fa40137d000 r-xp 00000000 08:05 58722354                   /usr/lib/jvm/jdk1.7.51/jre/lib/amd64/libsunec.so
7fa40137d000-7fa40157c000 ---p 00032000 08:05 58722354                   /usr/lib/jvm/jdk1.7.51/jre/lib/amd64/libsunec.so
7fa40157c000-7fa401582000 rw-p 00031000 08:05 58722354                   /usr/lib/jvm/jdk1.7.51/jre/lib/amd64/libsunec.so
7fa401582000-7fa401592000 rw-p 00000000 00:00 0 
7fa401592000-7fa4015a8000 r-xp 00000000 08:05 58722335                   /usr/lib/jvm/jdk1.7.51/jre/lib/amd64/libnet.so
7fa4015a8000-7fa4017a8000 ---p 00016000 08:05 58722335                   /usr/lib/jvm/jdk1.7.51/jre/lib/amd64/libnet.so
7fa4017a8000-7fa4017a9000 rw-p 00016000 08:05 58722335                   /usr/lib/jvm/jdk1.7.51/jre/lib/amd64/libnet.so
7fa4017a9000-7fa4017b9000 r-xp 00000000 08:05 58722330                   /usr/lib/jvm/jdk1.7.51/jre/lib/amd64/libnio.so
7fa4017b9000-7fa4019b9000 ---p 00010000 08:05 58722330                   /usr/lib/jvm/jdk1.7.51/jre/lib/amd64/libnio.so
7fa4019b9000-7fa4019ba000 rw-p 00010000 08:05 58722330                   /usr/lib/jvm/jdk1.7.51/jre/lib/amd64/libnio.so
7fa4019ba000-7fa4019bd000 ---p 00000000 00:00 0 
7fa4019bd000-7fa401abb000 rw-p 00000000 00:00 0                          [stack:9198]
7fa401abb000-7fa401abc000 ---p 00000000 00:00 0 
7fa401abc000-7fa401bbc000 rw-p 00000000 00:00 0                          [stack:9197]
7fa401bbc000-7fa401bbf000 ---p 00000000 00:00 0 
7fa401bbf000-7fa401cbd000 rw-p 00000000 00:00 0                          [stack:9196]
7fa401cbd000-7fa401cc0000 ---p 00000000 00:00 0 
7fa401cc0000-7fa401dbe000 rw-p 00000000 00:00 0                          [stack:9195]
7fa401dbe000-7fa401dc1000 ---p 00000000 00:00 0 
7fa401dc1000-7fa401ebf000 rw-p 00000000 00:00 0                          [stack:9194]
7fa401ebf000-7fa401f5e000 r--s 00719000 08:05 7479394                    /home/user0001/.m2/repository/com/google/appengine/appengine-java-sdk/1.9.18/appengine-java-sdk/appengine-java-sdk-1.9.18/lib/appengine-tools-api.jar
7fa401f5e000-7fa401f61000 ---p 00000000 00:00 0 
7fa401f61000-7fa40205f000 rw-p 00000000 00:00 0                          [stack:9193]
7fa40205f000-7fa402328000 r--p 00000000 08:05 47711623                   /usr/lib/locale/locale-archive
7fa402328000-7fa40232b000 ---p 00000000 00:00 0 
7fa40232b000-7fa402429000 rw-p 00000000 00:00 0                          [stack:9192]
7fa402429000-7fa40242c000 ---p 00000000 00:00 0 
7fa40242c000-7fa40252a000 rw-p 00000000 00:00 0                          [stack:9191]
7fa40252a000-7fa40252b000 ---p 00000000 00:00 0 
7fa40252b000-7fa403585000 rw-p 00000000 00:00 0                          [stack:9190]
7fa403585000-7fa403742000 r--s 039bf000 08:05 57935165                   /usr/lib/jvm/jdk1.7.51/jre/lib/rt.jar
7fa403742000-7fa407c0d000 rw-p 00000000 00:00 0 
7fa407c0d000-7fa407c0e000 ---p 00000000 00:00 0 
7fa407c0e000-7fa407d0e000 rw-p 00000000 00:00 0                          [stack:9188]
7fa407d0e000-7fa407d0f000 ---p 00000000 00:00 0 
7fa407d0f000-7fa407e0f000 rw-p 00000000 00:00 0                          [stack:9187]
7fa407e0f000-7fa407e10000 ---p 00000000 00:00 0 
7fa407e10000-7fa407f39000 rw-p 00000000 00:00 0                          [stack:9186]
7fa407f39000-7fa4081a3000 rw-p 00000000 00:00 0 
7fa4081a3000-7fa4081bf000 rw-p 00000000 00:00 0 
7fa4081bf000-7fa4081cc000 rw-p 00000000 00:00 0 
7fa4081cc000-7fa4081f5000 rw-p 00000000 00:00 0 
7fa4081f5000-7fa40845e000 rw-p 00000000 00:00 0 
7fa40845e000-7fa40856b000 rw-p 00000000 00:00 0 
7fa40856b000-7fa408570000 ---p 00000000 00:00 0 
7fa408570000-7fa4085a8000 rw-p 00000000 00:00 0 
7fa4085a8000-7fa4085a9000 rw-p 00000000 00:00 0 
7fa4085a9000-7fa408999000 rwxp 00000000 00:00 0 
7fa408999000-7fa40b5a9000 rw-p 00000000 00:00 0 
7fa40b5a9000-7fa40b5c3000 r-xp 00000000 08:05 58722382                   /usr/lib/jvm/jdk1.7.51/jre/lib/amd64/libzip.so
7fa40b5c3000-7fa40b7c3000 ---p 0001a000 08:05 58722382                   /usr/lib/jvm/jdk1.7.51/jre/lib/amd64/libzip.so
7fa40b7c3000-7fa40b7c4000 rw-p 0001a000 08:05 58722382                   /usr/lib/jvm/jdk1.7.51/jre/lib/amd64/libzip.so
7fa40b7c4000-7fa40b7cf000 r-xp 00000000 08:05 41156747                   /lib/x86_64-linux-gnu/libnss_files-2.19.so
7fa40b7cf000-7fa40b9ce000 ---p 0000b000 08:05 41156747                   /lib/x86_64-linux-gnu/libnss_files-2.19.so
7fa40b9ce000-7fa40b9cf000 r--p 0000a000 08:05 41156747                   /lib/x86_64-linux-gnu/libnss_files-2.19.so
7fa40b9cf000-7fa40b9d0000 rw-p 0000b000 08:05 41156747                   /lib/x86_64-linux-gnu/libnss_files-2.19.so
7fa40b9d0000-7fa40b9db000 r-xp 00000000 08:05 41162505                   /lib/x86_64-linux-gnu/libnss_nis-2.19.so
7fa40b9db000-7fa40bbda000 ---p 0000b000 08:05 41162505                   /lib/x86_64-linux-gnu/libnss_nis-2.19.so
7fa40bbda000-7fa40bbdb000 r--p 0000a000 08:05 41162505                   /lib/x86_64-linux-gnu/libnss_nis-2.19.so
7fa40bbdb000-7fa40bbdc000 rw-p 0000b000 08:05 41162505                   /lib/x86_64-linux-gnu/libnss_nis-2.19.so
7fa40bbdc000-7fa40bbf3000 r-xp 00000000 08:05 41156972                   /lib/x86_64-linux-gnu/libnsl-2.19.so
7fa40bbf3000-7fa40bdf2000 ---p 00017000 08:05 41156972                   /lib/x86_64-linux-gnu/libnsl-2.19.so
7fa40bdf2000-7fa40bdf3000 r--p 00016000 08:05 41156972                   /lib/x86_64-linux-gnu/libnsl-2.19.so
7fa40bdf3000-7fa40bdf4000 rw-p 00017000 08:05 41156972                   /lib/x86_64-linux-gnu/libnsl-2.19.so
7fa40bdf4000-7fa40bdf6000 rw-p 00000000 00:00 0 
7fa40bdf6000-7fa40bdff000 r-xp 00000000 08:05 41156971                   /lib/x86_64-linux-gnu/libnss_compat-2.19.so
7fa40bdff000-7fa40bffe000 ---p 00009000 08:05 41156971                   /lib/x86_64-linux-gnu/libnss_compat-2.19.so
7fa40bffe000-7fa40bfff000 r--p 00008000 08:05 41156971                   /lib/x86_64-linux-gnu/libnss_compat-2.19.so
7fa40bfff000-7fa40c000000 rw-p 00009000 08:05 41156971                   /lib/x86_64-linux-gnu/libnss_compat-2.19.so
7fa40c000000-7fa40ce7b000 rw-p 00000000 00:00 0 
7fa40ce7b000-7fa410000000 ---p 00000000 00:00 0 
7fa410000000-7fa410001000 r--s 00001000 08:05 57674683                   /home/user0001/NetBeansProjects/GAPolicyWebApp/target/GAPolicyWebApp-1.0.0/WEB-INF/lib/GUtilities-1.0.0.jar
7fa410001000-7fa410003000 r--s 00006000 08:05 8006850                    /home/user0001/.m2/repository/com/google/appengine/appengine-java-sdk/1.9.18/appengine-java-sdk/appengine-java-sdk-1.9.18/lib/impl/agent/appengine-agentruntime.jar
7fa410003000-7fa410004000 r--s 00007000 08:05 57674719                   /home/user0001/NetBeansProjects/GAPolicyWebApp/target/GAPolicyWebApp-1.0.0/WEB-INF/lib/GAFaces228Override-1.0.0.jar
7fa410004000-7fa410006000 r--s 00003000 08:05 12200535                   /home/user0001/.m2/repository/com/google/appengine/appengine-java-sdk/1.9.18/appengine-java-sdk/appengine-java-sdk-1.9.18/lib/tools/jsp/repackaged-appengine-jakarta-jstl-1.1.2.jar
7fa410006000-7fa410007000 r--s 00006000 08:05 11665647                   /home/user0001/.m2/repository/com/google/appengine/appengine-java-sdk/1.9.18/appengine-java-sdk/appengine-java-sdk-1.9.18/lib/shared/jsp/repackaged-appengine-tomcat-juli-6.0.29.jar
7fa410007000-7fa41001b000 r--s 0012b000 08:05 11665642                   /home/user0001/.m2/repository/com/google/appengine/appengine-java-sdk/1.9.18/appengine-java-sdk/appengine-java-sdk-1.9.18/lib/shared/jsp/repackaged-appengine-ant-1.7.1.jar
7fa41001b000-7fa41001e000 r--s 00018000 08:05 11665646                   /home/user0001/.m2/repository/com/google/appengine/appengine-java-sdk/1.9.18/appengine-java-sdk/appengine-java-sdk-1.9.18/lib/shared/jsp/repackaged-appengine-jasper-el-6.0.29.jar
7fa41001e000-7fa4100a2000 rw-p 00000000 00:00 0 
7fa4100a2000-7fa4100a3000 ---p 00000000 00:00 0 
7fa4100a3000-7fa4101bf000 rw-p 00000000 00:00 0                          [stack:9185]
7fa4101bf000-7fa4101cc000 rw-p 00000000 00:00 0 
7fa4101cc000-7fa4101d6000 r-xp 00000000 08:05 58722334                   /usr/lib/jvm/jdk1.7.51/jre/lib/amd64/libinstrument.so
7fa4101d6000-7fa4103d5000 ---p 0000a000 08:05 58722334                   /usr/lib/jvm/jdk1.7.51/jre/lib/amd64/libinstrument.so
7fa4103d5000-7fa4103d6000 rw-p 00009000 08:05 58722334                   /usr/lib/jvm/jdk1.7.51/jre/lib/amd64/libinstrument.so
7fa4103d6000-7fa4103ff000 r-xp 00000000 08:05 58722365                   /usr/lib/jvm/jdk1.7.51/jre/lib/amd64/libjava.so
7fa4103ff000-7fa4105ff000 ---p 00029000 08:05 58722365                   /usr/lib/jvm/jdk1.7.51/jre/lib/amd64/libjava.so
7fa4105ff000-7fa410601000 rw-p 00029000 08:05 58722365                   /usr/lib/jvm/jdk1.7.51/jre/lib/amd64/libjava.so
7fa410601000-7fa41060e000 r-xp 00000000 08:05 58722363                   /usr/lib/jvm/jdk1.7.51/jre/lib/amd64/libverify.so
7fa41060e000-7fa41080d000 ---p 0000d000 08:05 58722363                   /usr/lib/jvm/jdk1.7.51/jre/lib/amd64/libverify.so
7fa41080d000-7fa41080f000 rw-p 0000c000 08:05 58722363                   /usr/lib/jvm/jdk1.7.51/jre/lib/amd64/libverify.so
7fa41080f000-7fa410816000 r-xp 00000000 08:05 41162502                   /lib/x86_64-linux-gnu/librt-2.19.so
7fa410816000-7fa410a15000 ---p 00007000 08:05 41162502                   /lib/x86_64-linux-gnu/librt-2.19.so
7fa410a15000-7fa410a16000 r--p 00006000 08:05 41162502                   /lib/x86_64-linux-gnu/librt-2.19.so
7fa410a16000-7fa410a17000 rw-p 00007000 08:05 41162502                   /lib/x86_64-linux-gnu/librt-2.19.so
7fa410a17000-7fa410b1c000 r-xp 00000000 08:05 41156726                   /lib/x86_64-linux-gnu/libm-2.19.so
7fa410b1c000-7fa410d1b000 ---p 00105000 08:05 41156726                   /lib/x86_64-linux-gnu/libm-2.19.so
7fa410d1b000-7fa410d1c000 r--p 00104000 08:05 41156726                   /lib/x86_64-linux-gnu/libm-2.19.so
7fa410d1c000-7fa410d1d000 rw-p 00105000 08:05 41156726                   /lib/x86_64-linux-gnu/libm-2.19.so
7fa410d1d000-7fa41187f000 r-xp 00000000 08:05 58722371                   /usr/lib/jvm/jdk1.7.51/jre/lib/amd64/server/libjvm.so
7fa41187f000-7fa411a7f000 ---p 00b62000 08:05 58722371                   /usr/lib/jvm/jdk1.7.51/jre/lib/amd64/server/libjvm.so
7fa411a7f000-7fa411b42000 rw-p 00b62000 08:05 58722371                   /usr/lib/jvm/jdk1.7.51/jre/lib/amd64/server/libjvm.so
7fa411b42000-7fa411b83000 rw-p 00000000 00:00 0 
7fa411b83000-7fa411d3e000 r-xp 00000000 08:05 41162499                   /lib/x86_64-linux-gnu/libc-2.19.so
7fa411d3e000-7fa411f3d000 ---p 001bb000 08:05 41162499                   /lib/x86_64-linux-gnu/libc-2.19.so
7fa411f3d000-7fa411f41000 r--p 001ba000 08:05 41162499                   /lib/x86_64-linux-gnu/libc-2.19.so
7fa411f41000-7fa411f43000 rw-p 001be000 08:05 41162499                   /lib/x86_64-linux-gnu/libc-2.19.so
7fa411f43000-7fa411f48000 rw-p 00000000 00:00 0 
7fa411f48000-7fa411f4b000 r-xp 00000000 08:05 41156874                   /lib/x86_64-linux-gnu/libdl-2.19.so
7fa411f4b000-7fa41214a000 ---p 00003000 08:05 41156874                   /lib/x86_64-linux-gnu/libdl-2.19.so
7fa41214a000-7fa41214b000 r--p 00002000 08:05 41156874                   /lib/x86_64-linux-gnu/libdl-2.19.so
7fa41214b000-7fa41214c000 rw-p 00003000 08:05 41156874                   /lib/x86_64-linux-gnu/libdl-2.19.so
7fa41214c000-7fa412162000 r-xp 00000000 08:05 58722339                   /usr/lib/jvm/jdk1.7.51/jre/lib/amd64/jli/libjli.so
7fa412162000-7fa412362000 ---p 00016000 08:05 58722339                   /usr/lib/jvm/jdk1.7.51/jre/lib/amd64/jli/libjli.so
7fa412362000-7fa412363000 rw-p 00016000 08:05 58722339                   /usr/lib/jvm/jdk1.7.51/jre/lib/amd64/jli/libjli.so
7fa412363000-7fa41237c000 r-xp 00000000 08:05 41162500                   /lib/x86_64-linux-gnu/libpthread-2.19.so
7fa41237c000-7fa41257b000 ---p 00019000 08:05 41162500                   /lib/x86_64-linux-gnu/libpthread-2.19.so
7fa41257b000-7fa41257c000 r--p 00018000 08:05 41162500                   /lib/x86_64-linux-gnu/libpthread-2.19.so
7fa41257c000-7fa41257d000 rw-p 00019000 08:05 41162500                   /lib/x86_64-linux-gnu/libpthread-2.19.so
7fa41257d000-7fa412581000 rw-p 00000000 00:00 0 
7fa412581000-7fa4125a4000 r-xp 00000000 08:05 41156974                   /lib/x86_64-linux-gnu/ld-2.19.so
7fa4125a4000-7fa4125a5000 r--s 00002000 08:05 11665644                   /home/user0001/.m2/repository/com/google/appengine/appengine-java-sdk/1.9.18/appengine-java-sdk/appengine-java-sdk-1.9.18/lib/shared/jsp/repackaged-appengine-ant-launcher-1.7.1.jar
7fa4125a5000-7fa4125a7000 r--s 00006000 08:05 11543869                   /home/user0001/.m2/repository/com/google/appengine/appengine-java-sdk/1.9.18/appengine-java-sdk/appengine-java-sdk-1.9.18/lib/shared/el-api.jar
7fa4125a7000-7fa4125aa000 r--s 0003a000 08:05 11543868                   /home/user0001/.m2/repository/com/google/appengine/appengine-java-sdk/1.9.18/appengine-java-sdk/appengine-java-sdk-1.9.18/lib/shared/appengine-local-runtime-shared.jar
7fa4125aa000-7fa4125ad000 r--s 00014000 08:05 11543872                   /home/user0001/.m2/repository/com/google/appengine/appengine-java-sdk/1.9.18/appengine-java-sdk/appengine-java-sdk-1.9.18/lib/shared/servlet-api.jar
7fa4125ad000-7fa4125b7000 r--s 00250000 08:05 57935129                   /usr/lib/jvm/jdk1.7.51/jre/lib/resources.jar
7fa4125b7000-7fa4125bb000 r--s 000f7000 08:05 58722732                   /usr/lib/jvm/jdk1.7.51/jre/lib/ext/localedata.jar
7fa4125bb000-7fa4125bf000 r--s 0002d000 08:05 58722727                   /usr/lib/jvm/jdk1.7.51/jre/lib/ext/sunjce_provider.jar
7fa4125bf000-7fa4125cf000 rw-p 00000000 00:00 0 
7fa4125cf000-7fa41267f000 rw-p 00000000 00:00 0 
7fa41267f000-7fa412682000 ---p 00000000 00:00 0 
7fa412682000-7fa412784000 rw-p 00000000 00:00 0                          [stack:9183]
7fa412784000-7fa412786000 r--s 00011000 08:05 11543870                   /home/user0001/.m2/repository/com/google/appengine/appengine-java-sdk/1.9.18/appengine-java-sdk/appengine-java-sdk-1.9.18/lib/shared/jsp-api.jar
7fa412786000-7fa412787000 r--s 00003000 08:05 58722733                   /usr/lib/jvm/jdk1.7.51/jre/lib/ext/sunec.jar
7fa412787000-7fa41278a000 r--s 00037000 08:05 58722730                   /usr/lib/jvm/jdk1.7.51/jre/lib/ext/sunpkcs11.jar
7fa41278a000-7fa41278c000 r--s 00019000 08:05 57935177                   /usr/lib/jvm/jdk1.7.51/jre/lib/jce.jar
7fa41278c000-7fa412790000 r--s 0008a000 08:05 57935124                   /usr/lib/jvm/jdk1.7.51/jre/lib/jsse.jar
7fa412790000-7fa412795000 r--s 00054000 08:05 7613686                    /home/user0001/.m2/repository/com/google/appengine/appengine-java-sdk/1.9.18/appengine-java-sdk/appengine-java-sdk-1.9.18/lib/agent/appengine-agentimpl.jar
7fa412795000-7fa412796000 r--s 00000000 08:05 7613382                    /home/user0001/.m2/repository/com/google/appengine/appengine-java-sdk/1.9.18/appengine-java-sdk/appengine-java-sdk-1.9.18/lib/agent/appengine-agent.jar
7fa412796000-7fa412797000 r--s 00000000 08:05 11543865                   /home/user0001/.m2/repository/com/google/appengine/appengine-java-sdk/1.9.18/appengine-java-sdk/appengine-java-sdk-1.9.18/lib/override/appengine-dev-jdk-overrides.jar
7fa412797000-7fa41279f000 rw-s 00000000 08:05 35521670                   /tmp/hsperfdata_user0001/9182
7fa41279f000-7fa4127a0000 rw-p 00000000 00:00 0 
7fa4127a0000-7fa4127a1000 r--p 00000000 00:00 0 
7fa4127a1000-7fa4127a3000 rw-p 00000000 00:00 0 
7fa4127a3000-7fa4127a4000 r--p 00022000 08:05 41156974                   /lib/x86_64-linux-gnu/ld-2.19.so
7fa4127a4000-7fa4127a5000 rw-p 00023000 08:05 41156974                   /lib/x86_64-linux-gnu/ld-2.19.so
7fa4127a5000-7fa4127a6000 rw-p 00000000 00:00 0 
7ffc97562000-7ffc97584000 rw-p 00000000 00:00 0                          [stack]
7ffc975bf000-7ffc975c1000 r-xp 00000000 00:00 0                          [vdso]
ffffffffff600000-ffffffffff601000 r-xp 00000000 00:00 0                  [vsyscall]

VM Arguments:
jvm_args: -javaagent:/home/user0001/.m2/repository/com/google/appengine/appengine-java-sdk/1.9.18/appengine-java-sdk/appengine-java-sdk-1.9.18/lib/agent/appengine-agent.jar -Xbootclasspath/p:/home/user0001/.m2/repository/com/google/appengine/appengine-java-sdk/1.9.18/appengine-java-sdk/appengine-java-sdk-1.9.18/lib/override/appengine-dev-jdk-overrides.jar -Dappengine.fullscan.seconds=5 
java_command: com.google.appengine.tools.development.DevAppServerMain --allow_remote_shutdown -p 8380 /home/user0001/NetBeansProjects/GAPolicyWebApp/target/GAPolicyWebApp-1.0.0
Launcher Type: SUN_STANDARD

Environment Variables:
JAVA_HOME=/usr/lib/jvm/jdk1.7.51
PATH=/home/user0001/.gvm/vertx/current/bin:/home/user0001/.gvm/springboot/current/bin:/home/user0001/.gvm/lazybones/current/bin:/home/user0001/.gvm/jbake/current/bin:/home/user0001/.gvm/groovyserv/current/bin:/home/user0001/.gvm/groovy/current/bin:/home/user0001/.gvm/griffon/current/bin:/home/user0001/.gvm/grails/current/bin:/home/user0001/.gvm/gradle/current/bin:/home/user0001/.gvm/glide/current/bin:/home/user0001/.gvm/gaiden/current/bin:/home/user0001/.gvm/crash/current/bin:/home/user0001/.gvm/asciidoctorj/current/bin:/usr/local/sbin:/usr/local/bin:/usr/sbin:/usr/bin:/sbin:/bin:/usr/games:/usr/local/games
LD_LIBRARY_PATH=/usr/lib/jvm/jdk1.7.51/jre/lib/amd64:/usr/lib/jvm/jdk1.7.51/jre/lib/i386:
SHELL=/bin/bash
DISPLAY=:0

Signal Handlers:
SIGSEGV: [libjvm.so+0x993870], sa_mask[0]=0x7ffbfeff, sa_flags=0x10000004
SIGBUS: [libjvm.so+0x993870], sa_mask[0]=0x7ffbfeff, sa_flags=0x10000004
SIGFPE: [libjvm.so+0x8105b0], sa_mask[0]=0x7ffbfeff, sa_flags=0x10000004
SIGPIPE: [libjvm.so+0x8105b0], sa_mask[0]=0x7ffbfeff, sa_flags=0x10000004
SIGXFSZ: [libjvm.so+0x8105b0], sa_mask[0]=0x7ffbfeff, sa_flags=0x10000004
SIGILL: [libjvm.so+0x8105b0], sa_mask[0]=0x7ffbfeff, sa_flags=0x10000004
SIGUSR1: SIG_DFL, sa_mask[0]=0x00000000, sa_flags=0x00000000
SIGUSR2: [libjvm.so+0x811aa0], sa_mask[0]=0x00000004, sa_flags=0x10000004
SIGHUP: [libjvm.so+0x812a10], sa_mask[0]=0x7ffbfeff, sa_flags=0x10000004
SIGINT: SIG_IGN, sa_mask[0]=0x00000000, sa_flags=0x00000000
SIGTERM: [libjvm.so+0x812a10], sa_mask[0]=0x7ffbfeff, sa_flags=0x10000004
SIGQUIT: [libjvm.so+0x812a10], sa_mask[0]=0x7ffbfeff, sa_flags=0x10000004


---------------  S Y S T E M  ---------------

OS:jessie/sid

uname:Linux 3.13.0-53-generic #89-Ubuntu SMP Wed May 20 10:34:39 UTC 2015 x86_64
libc:glibc 2.19 NPTL 2.19 
rlimit: STACK 8192k, CORE 0k, NPROC 63012, NOFILE 4096, AS infinity
load average:1.04 0.57 0.65

/proc/meminfo:
MemTotal:        8087224 kB
MemFree:          770156 kB
Buffers:          326192 kB
Cached:          1700640 kB
SwapCached:           28 kB
Active:          4521064 kB
Inactive:        2063688 kB
Active(anon):    3835148 kB
Inactive(anon):  1371704 kB
Active(file):     685916 kB
Inactive(file):   691984 kB
Unevictable:          32 kB
Mlocked:              32 kB
SwapTotal:       8298492 kB
SwapFree:        8254704 kB
Dirty:               928 kB
Writeback:         22920 kB
AnonPages:       4557960 kB
Mapped:           391684 kB
Shmem:            648908 kB
Slab:             576048 kB
SReclaimable:     535668 kB
SUnreclaim:        40380 kB
KernelStack:        5704 kB
PageTables:        49164 kB
NFS_Unstable:          0 kB
Bounce:                0 kB
WritebackTmp:          0 kB
CommitLimit:    12342104 kB
Committed_AS:    9708052 kB
VmallocTotal:   34359738367 kB
VmallocUsed:      557404 kB
VmallocChunk:   34359171160 kB
HardwareCorrupted:     0 kB
AnonHugePages:   3201024 kB
HugePages_Total:       0
HugePages_Free:        0
HugePages_Rsvd:        0
HugePages_Surp:        0
Hugepagesize:       2048 kB
DirectMap4k:       80920 kB
DirectMap2M:     8218624 kB


CPU:total 4 (2 cores per cpu, 2 threads per core) family 6 model 42 stepping 7, cmov, cx8, fxsr, mmx, sse, sse2, sse3, ssse3, sse4.1, sse4.2, popcnt, avx, ht, tsc, tscinvbit

/proc/cpuinfo:
processor	: 0
vendor_id	: GenuineIntel
cpu family	: 6
model		: 42
model name	: Intel(R) Core(TM) i3-2120 CPU @ 3.30GHz
stepping	: 7
microcode	: 0x14
cpu MHz		: 3300.000
cache size	: 3072 KB
physical id	: 0
siblings	: 4
core id		: 0
cpu cores	: 2
apicid		: 0
initial apicid	: 0
fpu		: yes
fpu_exception	: yes
cpuid level	: 13
wp		: yes
flags		: fpu vme de pse tsc msr pae mce cx8 apic sep mtrr pge mca cmov pat pse36 clflush dts acpi mmx fxsr sse sse2 ss ht tm pbe syscall nx rdtscp lm constant_tsc arch_perfmon pebs bts rep_good nopl xtopology nonstop_tsc aperfmperf eagerfpu pni pclmulqdq dtes64 monitor ds_cpl vmx est tm2 ssse3 cx16 xtpr pdcm pcid sse4_1 sse4_2 popcnt tsc_deadline_timer xsave avx lahf_lm arat epb xsaveopt pln pts dtherm tpr_shadow vnmi flexpriority ept vpid
bogomips	: 6585.08
clflush size	: 64
cache_alignment	: 64
address sizes	: 36 bits physical, 48 bits virtual
power management:

processor	: 1
vendor_id	: GenuineIntel
cpu family	: 6
model		: 42
model name	: Intel(R) Core(TM) i3-2120 CPU @ 3.30GHz
stepping	: 7
microcode	: 0x14
cpu MHz		: 3300.000
cache size	: 3072 KB
physical id	: 0
siblings	: 4
core id		: 1
cpu cores	: 2
apicid		: 2
initial apicid	: 2
fpu		: yes
fpu_exception	: yes
cpuid level	: 13
wp		: yes
flags		: fpu vme de pse tsc msr pae mce cx8 apic sep mtrr pge mca cmov pat pse36 clflush dts acpi mmx fxsr sse sse2 ss ht tm pbe syscall nx rdtscp lm constant_tsc arch_perfmon pebs bts rep_good nopl xtopology nonstop_tsc aperfmperf eagerfpu pni pclmulqdq dtes64 monitor ds_cpl vmx est tm2 ssse3 cx16 xtpr pdcm pcid sse4_1 sse4_2 popcnt tsc_deadline_timer xsave avx lahf_lm arat epb xsaveopt pln pts dtherm tpr_shadow vnmi flexpriority ept vpid
bogomips	: 6585.08
clflush size	: 64
cache_alignment	: 64
address sizes	: 36 bits physical, 48 bits virtual
power management:

processor	: 2
vendor_id	: GenuineIntel
cpu family	: 6
model		: 42
model name	: Intel(R) Core(TM) i3-2120 CPU @ 3.30GHz
stepping	: 7
microcode	: 0x14
cpu MHz		: 3300.000
cache size	: 3072 KB
physical id	: 0
siblings	: 4
core id		: 0
cpu cores	: 2
apicid		: 1
initial apicid	: 1
fpu		: yes
fpu_exception	: yes
cpuid level	: 13
wp		: yes
flags		: fpu vme de pse tsc msr pae mce cx8 apic sep mtrr pge mca cmov pat pse36 clflush dts acpi mmx fxsr sse sse2 ss ht tm pbe syscall nx rdtscp lm constant_tsc arch_perfmon pebs bts rep_good nopl xtopology nonstop_tsc aperfmperf eagerfpu pni pclmulqdq dtes64 monitor ds_cpl vmx est tm2 ssse3 cx16 xtpr pdcm pcid sse4_1 sse4_2 popcnt tsc_deadline_timer xsave avx lahf_lm arat epb xsaveopt pln pts dtherm tpr_shadow vnmi flexpriority ept vpid
bogomips	: 6585.08
clflush size	: 64
cache_alignment	: 64
address sizes	: 36 bits physical, 48 bits virtual
power management:

processor	: 3
vendor_id	: GenuineIntel
cpu family	: 6
model		: 42
model name	: Intel(R) Core(TM) i3-2120 CPU @ 3.30GHz
stepping	: 7
microcode	: 0x14
cpu MHz		: 2900.000
cache size	: 3072 KB
physical id	: 0
siblings	: 4
core id		: 1
cpu cores	: 2
apicid		: 3
initial apicid	: 3
fpu		: yes
fpu_exception	: yes
cpuid level	: 13
wp		: yes
flags		: fpu vme de pse tsc msr pae mce cx8 apic sep mtrr pge mca cmov pat pse36 clflush dts acpi mmx fxsr sse sse2 ss ht tm pbe syscall nx rdtscp lm constant_tsc arch_perfmon pebs bts rep_good nopl xtopology nonstop_tsc aperfmperf eagerfpu pni pclmulqdq dtes64 monitor ds_cpl vmx est tm2 ssse3 cx16 xtpr pdcm pcid sse4_1 sse4_2 popcnt tsc_deadline_timer xsave avx lahf_lm arat epb xsaveopt pln pts dtherm tpr_shadow vnmi flexpriority ept vpid
bogomips	: 6585.08
clflush size	: 64
cache_alignment	: 64
address sizes	: 36 bits physical, 48 bits virtual
power management:



Memory: 4k page, physical 8087224k(770156k free), swap 8298492k(8254704k free)

vm_info: Java HotSpot(TM) 64-Bit Server VM (24.51-b03) for linux-amd64 JRE (1.7.0_51-b13), built on Dec 18 2013 18:48:01 by "java_re" with gcc 4.3.0 20080428 (Red Hat 4.3.0-8)

time: Mon Jun  1 13:58:03 2015
elapsed time: 306 seconds

